Determining if the include file /usr/include/libpng/png.h exists failed with the following output:
Change Dir: /afs/inf.ed.ac.uk/user/s12/s1263586/sdp/Polygon2-2.0.6/argparse-1.2.1/opencv-2.4.8.1/build/CMakeFiles/CMakeTmp

Run Build Command:/usr/bin/gmake "cmTryCompileExec/fast"
/usr/bin/gmake -f CMakeFiles/cmTryCompileExec.dir/build.make CMakeFiles/cmTryCompileExec.dir/build
gmake[1]: Entering directory `/afs/inf.ed.ac.uk/user/s12/s1263586/sdp/Polygon2-2.0.6/argparse-1.2.1/opencv-2.4.8.1/build/CMakeFiles/CMakeTmp'
/usr/bin/cmake -E cmake_progress_report /afs/inf.ed.ac.uk/user/s12/s1263586/sdp/Polygon2-2.0.6/argparse-1.2.1/opencv-2.4.8.1/build/CMakeFiles/CMakeTmp/CMakeFiles 1
Building C object CMakeFiles/cmTryCompileExec.dir/CheckIncludeFile.c.o
/usr/bin/gcc   -fsigned-char -W -Wall -Werror=return-type -Werror=address -Werror=sequence-point -Wformat -Werror=format-security -Wmissing-declarations -Wmissing-prototypes -Wstrict-prototypes -Wundef -Winit-self -Wpointer-arith -Wshadow -fdiagnostics-show-option -Wno-long-long -pthread -fomit-frame-pointer -msse -msse2 -msse3 -ffunction-sections   -O3 -DNDEBUG   -o CMakeFiles/cmTryCompileExec.dir/CheckIncludeFile.c.o   -c /afs/inf.ed.ac.uk/user/s12/s1263586/sdp/Polygon2-2.0.6/argparse-1.2.1/opencv-2.4.8.1/build/CMakeFiles/CMakeTmp/CheckIncludeFile.c
/afs/inf.ed.ac.uk/user/s12/s1263586/sdp/Polygon2-2.0.6/argparse-1.2.1/opencv-2.4.8.1/build/CMakeFiles/CMakeTmp/CheckIncludeFile.c:1:37: error: /usr/include/libpng/png.h: No such file or directory
gmake[1]: Leaving directory `/afs/inf.ed.ac.uk/user/s12/s1263586/sdp/Polygon2-2.0.6/argparse-1.2.1/opencv-2.4.8.1/build/CMakeFiles/CMakeTmp'
gmake[1]: *** [CMakeFiles/cmTryCompileExec.dir/CheckIncludeFile.c.o] Error 1
gmake: *** [cmTryCompileExec/fast] Error 2


Determining if the include file sys/videoio.h exists failed with the following output:
Change Dir: /afs/inf.ed.ac.uk/user/s12/s1263586/sdp/Polygon2-2.0.6/argparse-1.2.1/opencv-2.4.8.1/build/CMakeFiles/CMakeTmp

Run Build Command:/usr/bin/gmake "cmTryCompileExec/fast"
/usr/bin/gmake -f CMakeFiles/cmTryCompileExec.dir/build.make CMakeFiles/cmTryCompileExec.dir/build
gmake[1]: Entering directory `/afs/inf.ed.ac.uk/user/s12/s1263586/sdp/Polygon2-2.0.6/argparse-1.2.1/opencv-2.4.8.1/build/CMakeFiles/CMakeTmp'
/usr/bin/cmake -E cmake_progress_report /afs/inf.ed.ac.uk/user/s12/s1263586/sdp/Polygon2-2.0.6/argparse-1.2.1/opencv-2.4.8.1/build/CMakeFiles/CMakeTmp/CMakeFiles 1
Building C object CMakeFiles/cmTryCompileExec.dir/CheckIncludeFile.c.o
/usr/bin/gcc   -fsigned-char -W -Wall -Werror=return-type -Werror=address -Werror=sequence-point -Wformat -Werror=format-security -Wmissing-declarations -Wmissing-prototypes -Wstrict-prototypes -Wundef -Winit-self -Wpointer-arith -Wshadow -fdiagnostics-show-option -Wno-long-long -pthread -fomit-frame-pointer -msse -msse2 -msse3 -ffunction-sections   -O3 -DNDEBUG   -o CMakeFiles/cmTryCompileExec.dir/CheckIncludeFile.c.o   -c /afs/inf.ed.ac.uk/user/s12/s1263586/sdp/Polygon2-2.0.6/argparse-1.2.1/opencv-2.4.8.1/build/CMakeFiles/CMakeTmp/CheckIncludeFile.c
/afs/inf.ed.ac.uk/user/s12/s1263586/sdp/Polygon2-2.0.6/argparse-1.2.1/opencv-2.4.8.1/build/CMakeFiles/CMakeTmp/CheckIncludeFile.c:1:25: error: sys/videoio.h: No such file or directory
gmake[1]: *** [CMakeFiles/cmTryCompileExec.dir/CheckIncludeFile.c.o] Error 1
gmake[1]: Leaving directory `/afs/inf.ed.ac.uk/user/s12/s1263586/sdp/Polygon2-2.0.6/argparse-1.2.1/opencv-2.4.8.1/build/CMakeFiles/CMakeTmp'
gmake: *** [cmTryCompileExec/fast] Error 2


Determining if the include file libavformat/avformat.h exists failed with the following output:
Change Dir: /afs/inf.ed.ac.uk/user/s12/s1263586/sdp/Polygon2-2.0.6/argparse-1.2.1/opencv-2.4.8.1/build/CMakeFiles/CMakeTmp

Run Build Command:/usr/bin/gmake "cmTryCompileExec/fast"
/usr/bin/gmake -f CMakeFiles/cmTryCompileExec.dir/build.make CMakeFiles/cmTryCompileExec.dir/build
gmake[1]: Entering directory `/afs/inf.ed.ac.uk/user/s12/s1263586/sdp/Polygon2-2.0.6/argparse-1.2.1/opencv-2.4.8.1/build/CMakeFiles/CMakeTmp'
/usr/bin/cmake -E cmake_progress_report /afs/inf.ed.ac.uk/user/s12/s1263586/sdp/Polygon2-2.0.6/argparse-1.2.1/opencv-2.4.8.1/build/CMakeFiles/CMakeTmp/CMakeFiles 1
Building C object CMakeFiles/cmTryCompileExec.dir/CheckIncludeFile.c.o
/usr/bin/gcc   -fsigned-char -W -Wall -Werror=return-type -Werror=address -Werror=sequence-point -Wformat -Werror=format-security -Wmissing-declarations -Wmissing-prototypes -Wstrict-prototypes -Wundef -Winit-self -Wpointer-arith -Wshadow -fdiagnostics-show-option -Wno-long-long -pthread -fomit-frame-pointer -msse -msse2 -msse3 -ffunction-sections   -O3 -DNDEBUG   -o CMakeFiles/cmTryCompileExec.dir/CheckIncludeFile.c.o   -c /afs/inf.ed.ac.uk/user/s12/s1263586/sdp/Polygon2-2.0.6/argparse-1.2.1/opencv-2.4.8.1/build/CMakeFiles/CMakeTmp/CheckIncludeFile.c
/afs/inf.ed.ac.uk/user/s12/s1263586/sdp/Polygon2-2.0.6/argparse-1.2.1/opencv-2.4.8.1/build/CMakeFiles/CMakeTmp/CheckIncludeFile.c:1:34: error: libavformat/avformat.h: No such file or directory
gmake[1]: *** [CMakeFiles/cmTryCompileExec.dir/CheckIncludeFile.c.o] Error 1
gmake[1]: Leaving directory `/afs/inf.ed.ac.uk/user/s12/s1263586/sdp/Polygon2-2.0.6/argparse-1.2.1/opencv-2.4.8.1/build/CMakeFiles/CMakeTmp'
gmake: *** [cmTryCompileExec/fast] Error 2


Determining if the include file ffmpeg/avformat.h exists failed with the following output:
Change Dir: /afs/inf.ed.ac.uk/user/s12/s1263586/sdp/Polygon2-2.0.6/argparse-1.2.1/opencv-2.4.8.1/build/CMakeFiles/CMakeTmp

Run Build Command:/usr/bin/gmake "cmTryCompileExec/fast"
/usr/bin/gmake -f CMakeFiles/cmTryCompileExec.dir/build.make CMakeFiles/cmTryCompileExec.dir/build
gmake[1]: Entering directory `/afs/inf.ed.ac.uk/user/s12/s1263586/sdp/Polygon2-2.0.6/argparse-1.2.1/opencv-2.4.8.1/build/CMakeFiles/CMakeTmp'
/usr/bin/cmake -E cmake_progress_report /afs/inf.ed.ac.uk/user/s12/s1263586/sdp/Polygon2-2.0.6/argparse-1.2.1/opencv-2.4.8.1/build/CMakeFiles/CMakeTmp/CMakeFiles 1
Building C object CMakeFiles/cmTryCompileExec.dir/CheckIncludeFile.c.o
/usr/bin/gcc   -fsigned-char -W -Wall -Werror=return-type -Werror=address -Werror=sequence-point -Wformat -Werror=format-security -Wmissing-declarations -Wmissing-prototypes -Wstrict-prototypes -Wundef -Winit-self -Wpointer-arith -Wshadow -fdiagnostics-show-option -Wno-long-long -pthread -fomit-frame-pointer -msse -msse2 -msse3 -ffunction-sections   -O3 -DNDEBUG   -o CMakeFiles/cmTryCompileExec.dir/CheckIncludeFile.c.o   -c /afs/inf.ed.ac.uk/user/s12/s1263586/sdp/Polygon2-2.0.6/argparse-1.2.1/opencv-2.4.8.1/build/CMakeFiles/CMakeTmp/CheckIncludeFile.c
/afs/inf.ed.ac.uk/user/s12/s1263586/sdp/Polygon2-2.0.6/argparse-1.2.1/opencv-2.4.8.1/build/CMakeFiles/CMakeTmp/CheckIncludeFile.c:1:29: error: ffmpeg/avformat.h: No such file or directory
gmake[1]: *** [CMakeFiles/cmTryCompileExec.dir/CheckIncludeFile.c.o] Error 1
gmake[1]: Leaving directory `/afs/inf.ed.ac.uk/user/s12/s1263586/sdp/Polygon2-2.0.6/argparse-1.2.1/opencv-2.4.8.1/build/CMakeFiles/CMakeTmp'
gmake: *** [cmTryCompileExec/fast] Error 2


